<?xml version="1.0" encoding="UTF-8"?>
<!-- Generated by org.testng.reporters.JUnitXMLReporter -->
<testsuite ignored="0" hostname="BhushanPatil" failures="1" tests="3" name="Test" time="60.057" errors="0" timestamp="2023-10-07T15:44:00 IST">
  <testcase classname="io.cucumber.testng.AbstractTestNGCucumberTests" name="runScenario" time="17.097"/>
  <testcase classname="io.cucumber.testng.AbstractTestNGCucumberTests" name="runScenario" time="11.821"/>
  <testcase classname="io.cucumber.testng.AbstractTestNGCucumberTests" name="runScenario" time="14.421">
    <failure type="org.openqa.selenium.ElementClickInterceptedException" message="Element &amp;lt;input id=&amp;quot;bkmgFlights_travelDates_1-formfield-1&amp;quot; class=&amp;quot;abc-form-element-input abc-form-element-main text-transform-none ng-untouched ng-pristine ng-valid&amp;quot; name=&amp;quot;bkmgFlights_travelDates_1-formfield-1&amp;quot; type=&amp;quot;text&amp;quot;&amp;gt; is not clickable at point (895,652) because another element &amp;lt;div class=&amp;quot;abc-dialog-size-480 abc-dialog-wrapper abc-dialog-full-screen&amp;quot;&amp;gt; obscures it
Build info: version: &amp;apos;4.10.0&amp;apos;, revision: &amp;apos;c14d967899&amp;apos;
System info: os.name: &amp;apos;Windows 11&amp;apos;, os.arch: &amp;apos;amd64&amp;apos;, os.version: &amp;apos;10.0&amp;apos;, java.version: &amp;apos;11.0.18&amp;apos;
Driver info: org.openqa.selenium.firefox.FirefoxDriver
Command: [bdc87aef-2c2b-42b3-a277-4e2aba4cd1a0, clickElement {id=6da21a4c-c42d-4400-9d5b-8afdfd2b4591}]
Capabilities {acceptInsecureCerts: true, browserName: firefox, browserVersion: 118.0.1, moz:accessibilityChecks: false, moz:buildID: 20230927232528, moz:debuggerAddress: 127.0.0.1:42933, moz:geckodriverVersion: 0.33.0, moz:headless: false, moz:platformVersion: 10.0, moz:processID: 22908, moz:profile: C:\Users\bvp13\AppData\Loca..., moz:shutdownTimeout: 60000, moz:webdriverClick: true, moz:windowless: false, pageLoadStrategy: normal, platformName: windows, proxy: Proxy(), se:cdp: ws://127.0.0.1:42933/devtoo..., se:cdpVersion: 85.0, setWindowRect: true, strictFileInteractability: false, timeouts: {implicit: 0, pageLoad: 300000, script: 30000}, unhandledPromptBehavior: dismiss and notify}
Element: [[FirefoxDriver: firefox on windows (bdc87aef-2c2b-42b3-a277-4e2aba4cd1a0)] -&amp;gt; xpath: //*[@id=&amp;apos;bkmgFlights_travelDates_1-formfield-1&amp;apos;]]
Session ID: bdc87aef-2c2b-42b3-a277-4e2aba4cd1a0">
      <![CDATA[org.openqa.selenium.ElementClickInterceptedException: Element <input id="bkmgFlights_travelDates_1-formfield-1" class="abc-form-element-input abc-form-element-main text-transform-none ng-untouched ng-pristine ng-valid" name="bkmgFlights_travelDates_1-formfield-1" type="text"> is not clickable at point (895,652) because another element <div class="abc-dialog-size-480 abc-dialog-wrapper abc-dialog-full-screen"> obscures it
Build info: version: '4.10.0', revision: 'c14d967899'
System info: os.name: 'Windows 11', os.arch: 'amd64', os.version: '10.0', java.version: '11.0.18'
Driver info: org.openqa.selenium.firefox.FirefoxDriver
Command: [bdc87aef-2c2b-42b3-a277-4e2aba4cd1a0, clickElement {id=6da21a4c-c42d-4400-9d5b-8afdfd2b4591}]
Capabilities {acceptInsecureCerts: true, browserName: firefox, browserVersion: 118.0.1, moz:accessibilityChecks: false, moz:buildID: 20230927232528, moz:debuggerAddress: 127.0.0.1:42933, moz:geckodriverVersion: 0.33.0, moz:headless: false, moz:platformVersion: 10.0, moz:processID: 22908, moz:profile: C:\Users\bvp13\AppData\Loca..., moz:shutdownTimeout: 60000, moz:webdriverClick: true, moz:windowless: false, pageLoadStrategy: normal, platformName: windows, proxy: Proxy(), se:cdp: ws://127.0.0.1:42933/devtoo..., se:cdpVersion: 85.0, setWindowRect: true, strictFileInteractability: false, timeouts: {implicit: 0, pageLoad: 300000, script: 30000}, unhandledPromptBehavior: dismiss and notify}
Element: [[FirefoxDriver: firefox on windows (bdc87aef-2c2b-42b3-a277-4e2aba4cd1a0)] -> xpath: //*[@id='bkmgFlights_travelDates_1-formfield-1']]
Session ID: bdc87aef-2c2b-42b3-a277-4e2aba4cd1a0
at org.openqa.selenium.remote.codec.w3c.W3CHttpResponseCodec.createException(W3CHttpResponseCodec.java:199)
at org.openqa.selenium.remote.codec.w3c.W3CHttpResponseCodec.decode(W3CHttpResponseCodec.java:132)
at org.openqa.selenium.remote.codec.w3c.W3CHttpResponseCodec.decode(W3CHttpResponseCodec.java:51)
at org.openqa.selenium.remote.HttpCommandExecutor.execute(HttpCommandExecutor.java:191)
at org.openqa.selenium.remote.service.DriverCommandExecutor.invokeExecute(DriverCommandExecutor.java:196)
at org.openqa.selenium.remote.service.DriverCommandExecutor.execute(DriverCommandExecutor.java:171)
at org.openqa.selenium.remote.RemoteWebDriver.execute(RemoteWebDriver.java:531)
at org.openqa.selenium.remote.RemoteWebElement.execute(RemoteWebElement.java:242)
at org.openqa.selenium.remote.RemoteWebElement.click(RemoteWebElement.java:77)
at org.openqa.selenium.support.pagefactory.internal.LocatingElementHandler.invoke(LocatingElementHandler.java:51)
at com.sun.proxy.$Proxy31.click(Unknown Source)
at pages.HomePage.selectDepartureAndReturn(HomePage.java:84)
at execution.HomePageSteps.enter_the_departure_with_return_date(HomePageSteps.java:48)
at ✽.Enter the departure with Return date(file:///C:/Users/bvp13/git/28JanEveningBDDBasics/src/test/resources/execution/Homepage.feature:13)
... Removed 8 stack frames]]>
    </failure>
  </testcase> <!-- runScenario -->
</testsuite> <!-- Test -->
