<?xml version="1.0" encoding="UTF-8"?>
<testng-results ignored="0" total="3" passed="3" failed="0" skipped="0">
  <reporter-output>
  </reporter-output>
  <suite started-at="2023-07-25T19:32:47 IST" name="Default suite" finished-at="2023-07-25T19:32:52 IST" duration-ms="4766">
    <groups>
      <group name="cucumber">
        <method signature="AbstractTestNGCucumberTests.runScenario(io.cucumber.testng.PickleWrapper,io.cucumber.testng.FeatureWrapper)[pri:0, instance:runners.CampaignRunner@66f57048]" name="runScenario" class="io.cucumber.testng.AbstractTestNGCucumberTests"/>
      </group> <!-- cucumber -->
    </groups>
    <test started-at="2023-07-25T19:32:47 IST" name="Default test" finished-at="2023-07-25T19:32:52 IST" duration-ms="4766">
      <class name="runners.CampaignRunner">
        <test-method is-config="true" signature="setUpClass(org.testng.ITestContext)[pri:0, instance:runners.CampaignRunner@66f57048]" started-at="2023-07-25T19:32:47 IST" name="setUpClass" finished-at="2023-07-25T19:32:49 IST" duration-ms="1650" status="PASS">
          <params>
            <param index="0">
              <value>
                <![CDATA[org.testng.TestRunner@47e4d9d0]]>
              </value>
            </param>
          </params>
          <reporter-output>
          </reporter-output>
        </test-method> <!-- setUpClass -->
        <test-method signature="runScenario(io.cucumber.testng.PickleWrapper,io.cucumber.testng.FeatureWrapper)[pri:0, instance:runners.CampaignRunner@66f57048]" started-at="2023-07-25T19:32:49 IST" name="runScenario" description="Runs Cucumber Scenarios" data-provider="scenarios" finished-at="2023-07-25T19:32:49 IST" duration-ms="400" status="PASS">
          <params>
            <param index="0">
              <value>
                <![CDATA["create campaign"]]>
              </value>
            </param>
            <param index="1">
              <value>
                <![CDATA["Campaign functionality"]]>
              </value>
            </param>
          </params>
          <reporter-output>
          </reporter-output>
        </test-method> <!-- runScenario -->
        <test-method signature="runScenario(io.cucumber.testng.PickleWrapper,io.cucumber.testng.FeatureWrapper)[pri:0, instance:runners.CampaignRunner@66f57048]" started-at="2023-07-25T19:32:49 IST" name="runScenario" description="Runs Cucumber Scenarios" data-provider="scenarios" finished-at="2023-07-25T19:32:49 IST" duration-ms="138" status="PASS">
          <params>
            <param index="0">
              <value>
                <![CDATA["Schedule a campaign"]]>
              </value>
            </param>
            <param index="1">
              <value>
                <![CDATA["Campaign functionality"]]>
              </value>
            </param>
          </params>
          <reporter-output>
          </reporter-output>
        </test-method> <!-- runScenario -->
        <test-method signature="runScenario(io.cucumber.testng.PickleWrapper,io.cucumber.testng.FeatureWrapper)[pri:0, instance:runners.CampaignRunner@66f57048]" started-at="2023-07-25T19:32:49 IST" name="runScenario" description="Runs Cucumber Scenarios" data-provider="scenarios" finished-at="2023-07-25T19:32:50 IST" duration-ms="101" status="PASS">
          <params>
            <param index="0">
              <value>
                <![CDATA["validate status of campaign"]]>
              </value>
            </param>
            <param index="1">
              <value>
                <![CDATA["Campaign functionality"]]>
              </value>
            </param>
          </params>
          <reporter-output>
          </reporter-output>
        </test-method> <!-- runScenario -->
        <test-method is-config="true" signature="tearDownClass()[pri:0, instance:runners.CampaignRunner@66f57048]" started-at="2023-07-25T19:32:50 IST" name="tearDownClass" finished-at="2023-07-25T19:32:52 IST" duration-ms="2310" status="PASS">
          <reporter-output>
          </reporter-output>
        </test-method> <!-- tearDownClass -->
      </class> <!-- runners.CampaignRunner -->
    </test> <!-- Default test -->
  </suite> <!-- Default suite -->
</testng-results>
