<?xml version="1.0" encoding="UTF-8"?>
<testng-results ignored="0" total="3" passed="3" failed="0" skipped="0">
  <reporter-output>
  </reporter-output>
  <suite started-at="2023-07-22T19:56:35 IST" name="Default suite" finished-at="2023-07-22T19:56:40 IST" duration-ms="4784">
    <groups>
      <group name="cucumber">
        <method signature="AbstractTestNGCucumberTests.runScenario(io.cucumber.testng.PickleWrapper,io.cucumber.testng.FeatureWrapper)[pri:0, instance:runners.ProfileRunner@66f57048]" name="runScenario" class="io.cucumber.testng.AbstractTestNGCucumberTests"/>
      </group> <!-- cucumber -->
    </groups>
    <test started-at="2023-07-22T19:56:35 IST" name="Default test" finished-at="2023-07-22T19:56:40 IST" duration-ms="4784">
      <class name="runners.ProfileRunner">
        <test-method is-config="true" signature="setUpClass(org.testng.ITestContext)[pri:0, instance:runners.ProfileRunner@66f57048]" started-at="2023-07-22T19:56:35 IST" name="setUpClass" finished-at="2023-07-22T19:56:36 IST" duration-ms="1448" status="PASS">
          <params>
            <param index="0">
              <value>
                <![CDATA[org.testng.TestRunner@746cd757]]>
              </value>
            </param>
          </params>
          <reporter-output>
          </reporter-output>
        </test-method> <!-- setUpClass -->
        <test-method signature="runScenario(io.cucumber.testng.PickleWrapper,io.cucumber.testng.FeatureWrapper)[pri:0, instance:runners.ProfileRunner@66f57048]" started-at="2023-07-22T19:56:37 IST" name="runScenario" description="Runs Cucumber Scenarios" data-provider="scenarios" finished-at="2023-07-22T19:56:37 IST" duration-ms="370" status="PASS">
          <params>
            <param index="0">
              <value>
                <![CDATA["Add profile"]]>
              </value>
            </param>
            <param index="1">
              <value>
                <![CDATA["Profile functionality"]]>
              </value>
            </param>
          </params>
          <reporter-output>
          </reporter-output>
        </test-method> <!-- runScenario -->
        <test-method signature="runScenario(io.cucumber.testng.PickleWrapper,io.cucumber.testng.FeatureWrapper)[pri:0, instance:runners.ProfileRunner@66f57048]" started-at="2023-07-22T19:56:37 IST" name="runScenario" description="Runs Cucumber Scenarios" data-provider="scenarios" finished-at="2023-07-22T19:56:37 IST" duration-ms="173" status="PASS">
          <params>
            <param index="0">
              <value>
                <![CDATA["Update profile"]]>
              </value>
            </param>
            <param index="1">
              <value>
                <![CDATA["Profile functionality"]]>
              </value>
            </param>
          </params>
          <reporter-output>
          </reporter-output>
        </test-method> <!-- runScenario -->
        <test-method signature="runScenario(io.cucumber.testng.PickleWrapper,io.cucumber.testng.FeatureWrapper)[pri:0, instance:runners.ProfileRunner@66f57048]" started-at="2023-07-22T19:56:37 IST" name="runScenario" description="Runs Cucumber Scenarios" data-provider="scenarios" finished-at="2023-07-22T19:56:37 IST" duration-ms="112" status="PASS">
          <params>
            <param index="0">
              <value>
                <![CDATA["delete profile"]]>
              </value>
            </param>
            <param index="1">
              <value>
                <![CDATA["Profile functionality"]]>
              </value>
            </param>
          </params>
          <reporter-output>
          </reporter-output>
        </test-method> <!-- runScenario -->
        <test-method is-config="true" signature="tearDownClass()[pri:0, instance:runners.ProfileRunner@66f57048]" started-at="2023-07-22T19:56:37 IST" name="tearDownClass" finished-at="2023-07-22T19:56:40 IST" duration-ms="2542" status="PASS">
          <reporter-output>
          </reporter-output>
        </test-method> <!-- tearDownClass -->
      </class> <!-- runners.ProfileRunner -->
    </test> <!-- Default test -->
  </suite> <!-- Default suite -->
</testng-results>
