<?xml version="1.0" encoding="UTF-8"?>
<!-- Generated by org.testng.reporters.JUnitReportReporter -->
<testsuite hostname="BhushanPatil" failures="0" tests="3" name="execution.AirCanadaRunner" time="88.320" errors="1" timestamp="2024-04-09T08:11:18 IST" skipped="0">
  <testcase classname="execution.AirCanadaRunner" name="runScenario" time="7.374"/>
  <system-out/>
  <testcase classname="execution.AirCanadaRunner" name="runScenario" time="13.765"/>
  <system-out/>
  <testcase classname="execution.AirCanadaRunner" name="runScenario" time="67.181">
    <error message="Expected condition failed: waiting for visibility of [[FirefoxDriver: firefox on windows (e5d348db-ac9e-4983-8752-660d5b314bd1)] -&gt; xpath: //*[@id=&#039;bkmgFlights_destination_trip_1&#039;]] (tried for 60 second(s) with 500 milliseconds interval)
Build info: version: &#039;4.10.0&#039;, revision: &#039;c14d967899&#039;
System info: os.name: &#039;Windows 11&#039;, os.arch: &#039;amd64&#039;, os.version: &#039;10.0&#039;, java.version: &#039;11.0.18&#039;
Driver info: org.openqa.selenium.firefox.FirefoxDriver
Capabilities {acceptInsecureCerts: true, browserName: firefox, browserVersion: 123.0, moz:accessibilityChecks: false, moz:buildID: 20240213221259, moz:debuggerAddress: 127.0.0.1:13588, moz:geckodriverVersion: 0.34.0, moz:headless: false, moz:platformVersion: 10.0, moz:processID: 22780, moz:profile: C:\Users\bvp13\AppData\Loca..., moz:shutdownTimeout: 60000, moz:webdriverClick: true, moz:windowless: false, pageLoadStrategy: normal, platformName: windows, proxy: Proxy(), se:cdp: ws://127.0.0.1:13588/devtoo..., se:cdpVersion: 85.0, setWindowRect: true, strictFileInteractability: false, timeouts: {implicit: 0, pageLoad: 300000, script: 30000}, unhandledPromptBehavior: dismiss and notify}
Session ID: e5d348db-ac9e-4983-8752-660d5b314bd1" type="org.openqa.selenium.TimeoutException">
      <![CDATA[org.openqa.selenium.TimeoutException: Expected condition failed: waiting for visibility of [[FirefoxDriver: firefox on windows (e5d348db-ac9e-4983-8752-660d5b314bd1)] -> xpath: //*[@id='bkmgFlights_destination_trip_1']] (tried for 60 second(s) with 500 milliseconds interval)
Build info: version: '4.10.0', revision: 'c14d967899'
System info: os.name: 'Windows 11', os.arch: 'amd64', os.version: '10.0', java.version: '11.0.18'
Driver info: org.openqa.selenium.firefox.FirefoxDriver
Capabilities {acceptInsecureCerts: true, browserName: firefox, browserVersion: 123.0, moz:accessibilityChecks: false, moz:buildID: 20240213221259, moz:debuggerAddress: 127.0.0.1:13588, moz:geckodriverVersion: 0.34.0, moz:headless: false, moz:platformVersion: 10.0, moz:processID: 22780, moz:profile: C:\Users\bvp13\AppData\Loca..., moz:shutdownTimeout: 60000, moz:webdriverClick: true, moz:windowless: false, pageLoadStrategy: normal, platformName: windows, proxy: Proxy(), se:cdp: ws://127.0.0.1:13588/devtoo..., se:cdpVersion: 85.0, setWindowRect: true, strictFileInteractability: false, timeouts: {implicit: 0, pageLoad: 300000, script: 30000}, unhandledPromptBehavior: dismiss and notify}
Session ID: e5d348db-ac9e-4983-8752-660d5b314bd1
at org.openqa.selenium.support.ui.WebDriverWait.timeoutException(WebDriverWait.java:84)
at org.openqa.selenium.support.ui.FluentWait.until(FluentWait.java:230)
at pages.HomePage.enterCityName(HomePage.java:70)
at execution.HomePageSteps.user_enters_the_to_city_as(HomePageSteps.java:41)
at ✽.user enters the to city as "Ottawa"(file:///C:/Users/bvp13/git/28JanEveningBDDBasics/src/test/resources/execution/Homepage.feature:12)
]]>
    </error>
  </testcase> <!-- runScenario -->
  <system-out/>
</testsuite> <!-- execution.AirCanadaRunner -->
